<?xml version="1.0" encoding="UTF-8"?>
<!-- Generated by org.testng.reporters.JUnitXMLReporter -->
<testsuite hostname="DESKTOP-T8LR42R" ignored="0" name="Test" tests="1" failures="1" timestamp="17 Dec 2018 12:42:16 GMT" time="16.672" errors="0">
  <testcase name="testLoginWithValidData" time="7.978" classname="testcases.LoginValidation">
    <failure type="atu.testng.reports.exceptions.ATUReporterStepFailedException">
      <![CDATA[[ATU Custom Reporter Step Failed Exception]
at atu.testng.reports.listeners.ATUReportsListener.onTestSuccess(Unknown Source)
... Removed 22 stack frames]]>
    </failure>
  </testcase> <!-- testLoginWithValidData -->
</testsuite> <!-- Test -->
